<testsuites name="jest tests">
  <testsuite name="/__tests__/cassandra_tests.js" tests="1" errors="0" failures="1" skipped="0" timestamp="2017-10-19T21:38:18" time="0.124">
    <testcase classname="connection reducer-should handle initial state" name="connection reducer-should handle initial state" time="0.002">
      <failure>TypeError: Cannot read property &apos;type&apos; of undefined
    at ConnectionReducer (/Users/bmagalhaes/dev/cassandra-client/__tests__/cassandra_tests.js:108:24)
    at Object.it (/Users/bmagalhaes/dev/cassandra-client/__tests__/cassandra_tests.js:77:56)
    at Object.asyncFn (/Users/bmagalhaes/dev/cassandra-client/node_modules/jest-jasmine2/build/jasmine_async.js:124:345)
    at resolve (/Users/bmagalhaes/dev/cassandra-client/node_modules/jest-jasmine2/build/queue_runner.js:46:12)
    at new Promise (&lt;anonymous&gt;)
    at mapper (/Users/bmagalhaes/dev/cassandra-client/node_modules/jest-jasmine2/build/queue_runner.js:34:499)
    at promise.then (/Users/bmagalhaes/dev/cassandra-client/node_modules/jest-jasmine2/build/queue_runner.js:74:39)
    at &lt;anonymous&gt;
    at process._tickCallback (internal/process/next_tick.js:188:7)</failure>
    </testcase>
  </testsuite>
  <testsuite name="/__tests__/renderer_tests.js" tests="3" errors="0" failures="0" skipped="0" timestamp="2017-10-19T21:38:18" time="0.124">
    <testcase classname="connection actions-connect sould create CONNECT action" name="connection actions-connect sould create CONNECT action" time="0.002">
    </testcase>
    <testcase classname="connection actions-connectionSuccess should create CONNECTION_SUCCESS action" name="connection actions-connectionSuccess should create CONNECTION_SUCCESS action" time="0.001">
    </testcase>
    <testcase classname="connection actions-connectionError should create CONNECTION_ERROR action" name="connection actions-connectionError should create CONNECTION_ERROR action" time="0">
    </testcase>
  </testsuite>
</testsuites>